<?xml version="1.0" encoding="UTF-8"?>
<!-- Generated by org.testng.reporters.JUnitReportReporter -->
<testsuite skipped="0" hostname="Harshal-PC" name="purchase_Admin.Function_DepartmentTest" tests="7" failures="0" timestamp="20 Jul 2017 07:36:35 GMT" time="201.176" errors="0">
  <testcase name="ValidationforAddFunctionDepartment" time="63.903" classname="purchase_Admin.Function_DepartmentTest"/>
  <testcase name="DuplicateAddFunctionDepartment" time="25.537" classname="purchase_Admin.Function_DepartmentTest"/>
  <testcase name="SearchAddFunctionDepartment" time="12.417" classname="purchase_Admin.Function_DepartmentTest"/>
  <testcase name="EditFunctionDepartment" time="34.709" classname="purchase_Admin.Function_DepartmentTest"/>
  <testcase name="SearchEditFunctionDepartment" time="12.393" classname="purchase_Admin.Function_DepartmentTest"/>
  <testcase name="DeletetFunctionDepartment" time="33.538" classname="purchase_Admin.Function_DepartmentTest"/>
  <testcase name="SearchDeletetFunctionDepartment" time="18.679" classname="purchase_Admin.Function_DepartmentTest"/>
</testsuite> <!-- purchase_Admin.Function_DepartmentTest -->
