<?xml version="1.0" encoding="UTF-8"?>
<!-- Generated by org.testng.reporters.JUnitReportReporter -->
<testsuite skipped="0" hostname="Harshal-PC" name="purchase_Admin.PurchaseSettingsTest" tests="5" failures="0" timestamp="20 Jul 2017 07:36:35 GMT" time="204.748" errors="0">
  <testcase name="PurchaseAutoSetting" time="39.997" classname="purchase_Admin.PurchaseSettingsTest"/>
  <testcase name="PurchaseConfigSetting" time="65.555" classname="purchase_Admin.PurchaseSettingsTest"/>
  <testcase name="PurchaseMandatory" time="24.383" classname="purchase_Admin.PurchaseSettingsTest"/>
  <testcase name="CaptureRank" time="47.508" classname="purchase_Admin.PurchaseSettingsTest"/>
  <testcase name="AutomaticRequisition" time="27.305" classname="purchase_Admin.PurchaseSettingsTest"/>
</testsuite> <!-- purchase_Admin.PurchaseSettingsTest -->
