<?xml version="1.0" encoding="UTF-8"?>
<!-- Generated by org.testng.reporters.JUnitReportReporter -->
<testsuite skipped="0" hostname="Harshal-PC" name="purchase_Admin.SetItemsMinMaxQtysTest" tests="1" failures="0" timestamp="20 Jul 2017 07:36:35 GMT" time="94.062" errors="0">
  <testcase name="CatalogueItem" time="94.062" classname="purchase_Admin.SetItemsMinMaxQtysTest"/>
</testsuite> <!-- purchase_Admin.SetItemsMinMaxQtysTest -->
