<?xml version="1.0" encoding="UTF-8"?>
<!-- Generated by org.testng.reporters.JUnitReportReporter -->
<testsuite skipped="0" hostname="Harshal-PC" name="purchase_Admin.UnitPackingsTest" tests="7" failures="0" timestamp="20 Jul 2017 07:36:35 GMT" time="177.259" errors="0">
  <testcase name="ValidationforAddUnitPacking" time="72.715" classname="purchase_Admin.UnitPackingsTest"/>
  <testcase name="DuplicateAddUnitPacking" time="20.393" classname="purchase_Admin.UnitPackingsTest"/>
  <testcase name="SearchAddedUnitPacking" time="9.283" classname="purchase_Admin.UnitPackingsTest"/>
  <testcase name="EditUnitPacking" time="27.655" classname="purchase_Admin.UnitPackingsTest"/>
  <testcase name="SearchEditUnitPacking" time="9.281" classname="purchase_Admin.UnitPackingsTest"/>
  <testcase name="DeleteUnitPacking" time="22.359" classname="purchase_Admin.UnitPackingsTest"/>
  <testcase name="SearchDeletedtUnitPacking" time="15.573" classname="purchase_Admin.UnitPackingsTest"/>
</testsuite> <!-- purchase_Admin.UnitPackingsTest -->
